<?xml version="1.0" encoding="UTF-8"?>
<testsuite xmlns:xsi="http://www.w3.org/2001/XMLSchema-instance" xsi:noNamespaceSchemaLocation="https://maven.apache.org/surefire/maven-surefire-plugin/xsd/surefire-test-report-3.0.xsd" version="3.0" name="info.oais.oaisif.specificadapter.SpecificadapterApplicationTests" time="7.191" tests="1" errors="0" skipped="0" failures="0">
  <properties>
    <property name="java.specification.version" value="17"/>
    <property name="sun.cpu.isalist" value="amd64"/>
    <property name="sun.jnu.encoding" value="Cp1252"/>
    <property name="java.class.path" value="C:\Users\david\OneDrive\OAISIFTestBB\specificadapter\target\test-classes;C:\Users\david\OneDrive\OAISIFTestBB\specificadapter\target\classes;C:\Users\david\.m2\repository\org\springframework\boot\spring-boot-starter-data-jpa\3.3.4\spring-boot-starter-data-jpa-3.3.4.jar;C:\Users\david\.m2\repository\org\springframework\boot\spring-boot-starter-aop\3.3.4\spring-boot-starter-aop-3.3.4.jar;C:\Users\david\.m2\repository\org\springframework\spring-aop\6.1.13\spring-aop-6.1.13.jar;C:\Users\david\.m2\repository\org\aspectj\aspectjweaver\1.9.22.1\aspectjweaver-1.9.22.1.jar;C:\Users\david\.m2\repository\org\hibernate\orm\hibernate-core\6.5.3.Final\hibernate-core-6.5.3.Final.jar;C:\Users\david\.m2\repository\jakarta\persistence\jakarta.persistence-api\3.1.0\jakarta.persistence-api-3.1.0.jar;C:\Users\david\.m2\repository\jakarta\transaction\jakarta.transaction-api\2.0.1\jakarta.transaction-api-2.0.1.jar;C:\Users\david\.m2\repository\org\jboss\logging\jboss-logging\3.5.3.Final\jboss-logging-3.5.3.Final.jar;C:\Users\david\.m2\repository\org\hibernate\common\hibernate-commons-annotations\6.0.6.Final\hibernate-commons-annotations-6.0.6.Final.jar;C:\Users\david\.m2\repository\io\smallrye\jandex\3.1.2\jandex-3.1.2.jar;C:\Users\david\.m2\repository\com\fasterxml\classmate\1.7.0\classmate-1.7.0.jar;C:\Users\david\.m2\repository\net\bytebuddy\byte-buddy\1.14.19\byte-buddy-1.14.19.jar;C:\Users\david\.m2\repository\org\glassfish\jaxb\jaxb-runtime\4.0.5\jaxb-runtime-4.0.5.jar;C:\Users\david\.m2\repository\org\glassfish\jaxb\jaxb-core\4.0.5\jaxb-core-4.0.5.jar;C:\Users\david\.m2\repository\org\glassfish\jaxb\txw2\4.0.5\txw2-4.0.5.jar;C:\Users\david\.m2\repository\com\sun\istack\istack-commons-runtime\4.1.2\istack-commons-runtime-4.1.2.jar;C:\Users\david\.m2\repository\jakarta\inject\jakarta.inject-api\2.0.1\jakarta.inject-api-2.0.1.jar;C:\Users\david\.m2\repository\org\antlr\antlr4-runtime\4.13.0\antlr4-runtime-4.13.0.jar;C:\Users\david\.m2\repository\org\springframework\data\spring-data-jpa\3.3.4\spring-data-jpa-3.3.4.jar;C:\Users\david\.m2\repository\org\springframework\data\spring-data-commons\3.3.4\spring-data-commons-3.3.4.jar;C:\Users\david\.m2\repository\org\springframework\spring-orm\6.1.13\spring-orm-6.1.13.jar;C:\Users\david\.m2\repository\org\springframework\spring-context\6.1.13\spring-context-6.1.13.jar;C:\Users\david\.m2\repository\org\springframework\spring-tx\6.1.13\spring-tx-6.1.13.jar;C:\Users\david\.m2\repository\org\springframework\spring-beans\6.1.13\spring-beans-6.1.13.jar;C:\Users\david\.m2\repository\jakarta\annotation\jakarta.annotation-api\2.1.1\jakarta.annotation-api-2.1.1.jar;C:\Users\david\.m2\repository\org\springframework\spring-aspects\6.1.13\spring-aspects-6.1.13.jar;C:\Users\david\.m2\repository\org\springframework\boot\spring-boot-starter-jdbc\3.3.4\spring-boot-starter-jdbc-3.3.4.jar;C:\Users\david\.m2\repository\org\springframework\boot\spring-boot-starter\3.3.4\spring-boot-starter-3.3.4.jar;C:\Users\david\.m2\repository\org\springframework\boot\spring-boot-starter-logging\3.3.4\spring-boot-starter-logging-3.3.4.jar;C:\Users\david\.m2\repository\ch\qos\logback\logback-classic\1.5.8\logback-classic-1.5.8.jar;C:\Users\david\.m2\repository\ch\qos\logback\logback-core\1.5.8\logback-core-1.5.8.jar;C:\Users\david\.m2\repository\org\apache\logging\log4j\log4j-to-slf4j\2.23.1\log4j-to-slf4j-2.23.1.jar;C:\Users\david\.m2\repository\org\apache\logging\log4j\log4j-api\2.23.1\log4j-api-2.23.1.jar;C:\Users\david\.m2\repository\org\slf4j\jul-to-slf4j\2.0.16\jul-to-slf4j-2.0.16.jar;C:\Users\david\.m2\repository\org\yaml\snakeyaml\2.2\snakeyaml-2.2.jar;C:\Users\david\.m2\repository\com\zaxxer\HikariCP\5.1.0\HikariCP-5.1.0.jar;C:\Users\david\.m2\repository\org\springframework\spring-jdbc\6.1.13\spring-jdbc-6.1.13.jar;C:\Users\david\.m2\repository\org\springframework\boot\spring-boot-starter-jersey\3.3.4\spring-boot-starter-jersey-3.3.4.jar;C:\Users\david\.m2\repository\org\springframework\boot\spring-boot-starter-json\3.3.4\spring-boot-starter-json-3.3.4.jar;C:\Users\david\.m2\repository\com\fasterxml\jackson\datatype\jackson-datatype-jdk8\2.17.2\jackson-datatype-jdk8-2.17.2.jar;C:\Users\david\.m2\repository\com\fasterxml\jackson\datatype\jackson-datatype-jsr310\2.17.2\jackson-datatype-jsr310-2.17.2.jar;C:\Users\david\.m2\repository\com\fasterxml\jackson\module\jackson-module-parameter-names\2.17.2\jackson-module-parameter-names-2.17.2.jar;C:\Users\david\.m2\repository\org\springframework\boot\spring-boot-starter-tomcat\3.3.4\spring-boot-starter-tomcat-3.3.4.jar;C:\Users\david\.m2\repository\org\apache\tomcat\embed\tomcat-embed-core\10.1.30\tomcat-embed-core-10.1.30.jar;C:\Users\david\.m2\repository\org\apache\tomcat\embed\tomcat-embed-el\10.1.30\tomcat-embed-el-10.1.30.jar;C:\Users\david\.m2\repository\org\apache\tomcat\embed\tomcat-embed-websocket\10.1.30\tomcat-embed-websocket-10.1.30.jar;C:\Users\david\.m2\repository\org\springframework\boot\spring-boot-starter-validation\3.3.4\spring-boot-starter-validation-3.3.4.jar;C:\Users\david\.m2\repository\org\hibernate\validator\hibernate-validator\8.0.1.Final\hibernate-validator-8.0.1.Final.jar;C:\Users\david\.m2\repository\org\springframework\spring-web\6.1.13\spring-web-6.1.13.jar;C:\Users\david\.m2\repository\io\micrometer\micrometer-observation\1.13.4\micrometer-observation-1.13.4.jar;C:\Users\david\.m2\repository\io\micrometer\micrometer-commons\1.13.4\micrometer-commons-1.13.4.jar;C:\Users\david\.m2\repository\org\glassfish\jersey\containers\jersey-container-servlet-core\3.1.8\jersey-container-servlet-core-3.1.8.jar;C:\Users\david\.m2\repository\org\glassfish\jersey\core\jersey-common\3.1.8\jersey-common-3.1.8.jar;C:\Users\david\.m2\repository\org\glassfish\hk2\osgi-resource-locator\1.0.3\osgi-resource-locator-1.0.3.jar;C:\Users\david\.m2\repository\jakarta\ws\rs\jakarta.ws.rs-api\3.1.0\jakarta.ws.rs-api-3.1.0.jar;C:\Users\david\.m2\repository\org\glassfish\jersey\containers\jersey-container-servlet\3.1.8\jersey-container-servlet-3.1.8.jar;C:\Users\david\.m2\repository\org\glassfish\jersey\core\jersey-server\3.1.8\jersey-server-3.1.8.jar;C:\Users\david\.m2\repository\org\glassfish\jersey\core\jersey-client\3.1.8\jersey-client-3.1.8.jar;C:\Users\david\.m2\repository\jakarta\validation\jakarta.validation-api\3.0.2\jakarta.validation-api-3.0.2.jar;C:\Users\david\.m2\repository\org\glassfish\jersey\ext\jersey-bean-validation\3.1.8\jersey-bean-validation-3.1.8.jar;C:\Users\david\.m2\repository\org\glassfish\expressly\expressly\5.0.0\expressly-5.0.0.jar;C:\Users\david\.m2\repository\org\glassfish\jersey\ext\jersey-spring6\3.1.8\jersey-spring6-3.1.8.jar;C:\Users\david\.m2\repository\org\glassfish\jersey\inject\jersey-hk2\3.1.8\jersey-hk2-3.1.8.jar;C:\Users\david\.m2\repository\org\glassfish\hk2\hk2-locator\3.0.6\hk2-locator-3.0.6.jar;C:\Users\david\.m2\repository\org\glassfish\hk2\external\aopalliance-repackaged\3.0.6\aopalliance-repackaged-3.0.6.jar;C:\Users\david\.m2\repository\org\javassist\javassist\3.30.2-GA\javassist-3.30.2-GA.jar;C:\Users\david\.m2\repository\org\glassfish\hk2\hk2\3.0.6\hk2-3.0.6.jar;C:\Users\david\.m2\repository\org\glassfish\hk2\hk2-utils\3.0.6\hk2-utils-3.0.6.jar;C:\Users\david\.m2\repository\org\glassfish\hk2\hk2-api\3.0.6\hk2-api-3.0.6.jar;C:\Users\david\.m2\repository\org\glassfish\hk2\hk2-core\3.0.6\hk2-core-3.0.6.jar;C:\Users\david\.m2\repository\org\glassfish\hk2\hk2-runlevel\3.0.6\hk2-runlevel-3.0.6.jar;C:\Users\david\.m2\repository\org\glassfish\hk2\class-model\3.0.6\class-model-3.0.6.jar;C:\Users\david\.m2\repository\org\ow2\asm\asm-commons\9.6\asm-commons-9.6.jar;C:\Users\david\.m2\repository\org\glassfish\hk2\spring-bridge\3.0.6\spring-bridge-3.0.6.jar;C:\Users\david\.m2\repository\org\glassfish\jersey\media\jersey-media-json-jackson\3.1.8\jersey-media-json-jackson-3.1.8.jar;C:\Users\david\.m2\repository\org\glassfish\jersey\ext\jersey-entity-filtering\3.1.8\jersey-entity-filtering-3.1.8.jar;C:\Users\david\.m2\repository\com\fasterxml\jackson\core\jackson-annotations\2.17.2\jackson-annotations-2.17.2.jar;C:\Users\david\.m2\repository\com\fasterxml\jackson\module\jackson-module-jakarta-xmlbind-annotations\2.17.2\jackson-module-jakarta-xmlbind-annotations-2.17.2.jar;C:\Users\david\.m2\repository\org\springframework\boot\spring-boot-starter-web\3.3.4\spring-boot-starter-web-3.3.4.jar;C:\Users\david\.m2\repository\org\springframework\spring-webmvc\6.1.13\spring-webmvc-6.1.13.jar;C:\Users\david\.m2\repository\org\springframework\spring-expression\6.1.13\spring-expression-6.1.13.jar;C:\Users\david\.m2\repository\org\springframework\boot\spring-boot-starter-web-services\3.3.4\spring-boot-starter-web-services-3.3.4.jar;C:\Users\david\.m2\repository\com\sun\xml\messaging\saaj\saaj-impl\3.0.4\saaj-impl-3.0.4.jar;C:\Users\david\.m2\repository\jakarta\xml\soap\jakarta.xml.soap-api\3.0.2\jakarta.xml.soap-api-3.0.2.jar;C:\Users\david\.m2\repository\org\jvnet\staxex\stax-ex\2.1.0\stax-ex-2.1.0.jar;C:\Users\david\.m2\repository\jakarta\activation\jakarta.activation-api\2.1.3\jakarta.activation-api-2.1.3.jar;C:\Users\david\.m2\repository\org\eclipse\angus\angus-activation\2.0.2\angus-activation-2.0.2.jar;C:\Users\david\.m2\repository\jakarta\xml\ws\jakarta.xml.ws-api\4.0.2\jakarta.xml.ws-api-4.0.2.jar;C:\Users\david\.m2\repository\org\springframework\spring-oxm\6.1.13\spring-oxm-6.1.13.jar;C:\Users\david\.m2\repository\org\springframework\ws\spring-ws-core\4.0.11\spring-ws-core-4.0.11.jar;C:\Users\david\.m2\repository\org\springframework\ws\spring-xml\4.0.11\spring-xml-4.0.11.jar;C:\Users\david\.m2\repository\org\springdoc\springdoc-openapi-starter-webmvc-ui\2.6.0\springdoc-openapi-starter-webmvc-ui-2.6.0.jar;C:\Users\david\.m2\repository\org\springdoc\springdoc-openapi-starter-webmvc-api\2.6.0\springdoc-openapi-starter-webmvc-api-2.6.0.jar;C:\Users\david\.m2\repository\org\springdoc\springdoc-openapi-starter-common\2.6.0\springdoc-openapi-starter-common-2.6.0.jar;C:\Users\david\.m2\repository\io\swagger\core\v3\swagger-core-jakarta\2.2.22\swagger-core-jakarta-2.2.22.jar;C:\Users\david\.m2\repository\org\apache\commons\commons-lang3\3.14.0\commons-lang3-3.14.0.jar;C:\Users\david\.m2\repository\io\swagger\core\v3\swagger-annotations-jakarta\2.2.22\swagger-annotations-jakarta-2.2.22.jar;C:\Users\david\.m2\repository\io\swagger\core\v3\swagger-models-jakarta\2.2.22\swagger-models-jakarta-2.2.22.jar;C:\Users\david\.m2\repository\org\webjars\swagger-ui\5.17.14\swagger-ui-5.17.14.jar;C:\Users\david\.m2\repository\org\springframework\boot\spring-boot-devtools\3.3.4\spring-boot-devtools-3.3.4.jar;C:\Users\david\.m2\repository\org\springframework\boot\spring-boot\3.3.4\spring-boot-3.3.4.jar;C:\Users\david\.m2\repository\org\springframework\boot\spring-boot-autoconfigure\3.3.4\spring-boot-autoconfigure-3.3.4.jar;C:\Users\david\.m2\repository\com\h2database\h2\2.2.224\h2-2.2.224.jar;C:\Users\david\.m2\repository\org\springframework\boot\spring-boot-configuration-processor\3.3.4\spring-boot-configuration-processor-3.3.4.jar;C:\Users\david\.m2\repository\org\projectlombok\lombok\1.18.34\lombok-1.18.34.jar;C:\Users\david\.m2\repository\org\springframework\boot\spring-boot-starter-test\3.3.4\spring-boot-starter-test-3.3.4.jar;C:\Users\david\.m2\repository\org\springframework\boot\spring-boot-test\3.3.4\spring-boot-test-3.3.4.jar;C:\Users\david\.m2\repository\org\springframework\boot\spring-boot-test-autoconfigure\3.3.4\spring-boot-test-autoconfigure-3.3.4.jar;C:\Users\david\.m2\repository\com\jayway\jsonpath\json-path\2.9.0\json-path-2.9.0.jar;C:\Users\david\.m2\repository\jakarta\xml\bind\jakarta.xml.bind-api\4.0.2\jakarta.xml.bind-api-4.0.2.jar;C:\Users\david\.m2\repository\net\minidev\json-smart\2.5.1\json-smart-2.5.1.jar;C:\Users\david\.m2\repository\net\minidev\accessors-smart\2.5.1\accessors-smart-2.5.1.jar;C:\Users\david\.m2\repository\org\ow2\asm\asm\9.6\asm-9.6.jar;C:\Users\david\.m2\repository\org\assertj\assertj-core\3.25.3\assertj-core-3.25.3.jar;C:\Users\david\.m2\repository\org\awaitility\awaitility\4.2.2\awaitility-4.2.2.jar;C:\Users\david\.m2\repository\org\hamcrest\hamcrest\2.2\hamcrest-2.2.jar;C:\Users\david\.m2\repository\org\junit\jupiter\junit-jupiter\5.10.3\junit-jupiter-5.10.3.jar;C:\Users\david\.m2\repository\org\junit\jupiter\junit-jupiter-api\5.10.3\junit-jupiter-api-5.10.3.jar;C:\Users\david\.m2\repository\org\opentest4j\opentest4j\1.3.0\opentest4j-1.3.0.jar;C:\Users\david\.m2\repository\org\junit\platform\junit-platform-commons\1.10.3\junit-platform-commons-1.10.3.jar;C:\Users\david\.m2\repository\org\apiguardian\apiguardian-api\1.1.2\apiguardian-api-1.1.2.jar;C:\Users\david\.m2\repository\org\junit\jupiter\junit-jupiter-params\5.10.3\junit-jupiter-params-5.10.3.jar;C:\Users\david\.m2\repository\org\junit\jupiter\junit-jupiter-engine\5.10.3\junit-jupiter-engine-5.10.3.jar;C:\Users\david\.m2\repository\org\junit\platform\junit-platform-engine\1.10.3\junit-platform-engine-1.10.3.jar;C:\Users\david\.m2\repository\org\mockito\mockito-core\5.11.0\mockito-core-5.11.0.jar;C:\Users\david\.m2\repository\net\bytebuddy\byte-buddy-agent\1.14.19\byte-buddy-agent-1.14.19.jar;C:\Users\david\.m2\repository\org\objenesis\objenesis\3.3\objenesis-3.3.jar;C:\Users\david\.m2\repository\org\mockito\mockito-junit-jupiter\5.11.0\mockito-junit-jupiter-5.11.0.jar;C:\Users\david\.m2\repository\org\skyscreamer\jsonassert\1.5.3\jsonassert-1.5.3.jar;C:\Users\david\.m2\repository\com\vaadin\external\google\android-json\0.0.20131108.vaadin1\android-json-0.0.20131108.vaadin1.jar;C:\Users\david\.m2\repository\org\springframework\spring-core\6.1.13\spring-core-6.1.13.jar;C:\Users\david\.m2\repository\org\springframework\spring-jcl\6.1.13\spring-jcl-6.1.13.jar;C:\Users\david\.m2\repository\org\springframework\spring-test\6.1.13\spring-test-6.1.13.jar;C:\Users\david\.m2\repository\org\xmlunit\xmlunit-core\2.9.1\xmlunit-core-2.9.1.jar;C:\Users\david\.m2\repository\org\springframework\restdocs\spring-restdocs-mockmvc\3.0.1\spring-restdocs-mockmvc-3.0.1.jar;C:\Users\david\.m2\repository\org\springframework\restdocs\spring-restdocs-core\3.0.1\spring-restdocs-core-3.0.1.jar;C:\Users\david\.m2\repository\jakarta\servlet\jakarta.servlet-api\6.0.0\jakarta.servlet-api-6.0.0.jar;C:\Users\david\.m2\repository\com\networknt\json-schema-validator\1.4.0\json-schema-validator-1.4.0.jar;C:\Users\david\.m2\repository\com\ethlo\time\itu\1.8.0\itu-1.8.0.jar;C:\Users\david\.m2\repository\com\fasterxml\jackson\core\jackson-databind\2.17.2\jackson-databind-2.17.2.jar;C:\Users\david\.m2\repository\com\fasterxml\jackson\core\jackson-core\2.17.2\jackson-core-2.17.2.jar;C:\Users\david\.m2\repository\com\fasterxml\jackson\dataformat\jackson-dataformat-yaml\2.17.2\jackson-dataformat-yaml-2.17.2.jar;C:\Users\david\.m2\repository\org\slf4j\slf4j-api\2.0.16\slf4j-api-2.0.16.jar;"/>
    <property name="java.vm.vendor" value="Microsoft"/>
    <property name="sun.arch.data.model" value="64"/>
    <property name="user.variant" value=""/>
    <property name="java.vendor.url" value="https://www.microsoft.com"/>
    <property name="user.timezone" value="Europe/London"/>
    <property name="org.jboss.logging.provider" value="slf4j"/>
    <property name="os.name" value="Windows 11"/>
    <property name="java.vm.specification.version" value="17"/>
    <property name="sun.java.launcher" value="SUN_STANDARD"/>
    <property name="user.country" value="GB"/>
    <property name="sun.boot.library.path" value="C:\Program Files\Microsoft\jdk-17.0.5.8-hotspot\bin"/>
    <property name="sun.java.command" value="C:\Users\david\AppData\Local\Temp\surefire5984865244636733194\surefirebooter-20241121140218004_3.jar C:\Users\david\AppData\Local\Temp\surefire5984865244636733194 2024-11-21T14-02-17_773-jvmRun1 surefire-20241121140218004_1tmp surefire_0-20241121140218004_2tmp"/>
    <property name="jdk.debug" value="release"/>
    <property name="surefire.test.class.path" value="C:\Users\david\OneDrive\OAISIFTestBB\specificadapter\target\test-classes;C:\Users\david\OneDrive\OAISIFTestBB\specificadapter\target\classes;C:\Users\david\.m2\repository\org\springframework\boot\spring-boot-starter-data-jpa\3.3.4\spring-boot-starter-data-jpa-3.3.4.jar;C:\Users\david\.m2\repository\org\springframework\boot\spring-boot-starter-aop\3.3.4\spring-boot-starter-aop-3.3.4.jar;C:\Users\david\.m2\repository\org\springframework\spring-aop\6.1.13\spring-aop-6.1.13.jar;C:\Users\david\.m2\repository\org\aspectj\aspectjweaver\1.9.22.1\aspectjweaver-1.9.22.1.jar;C:\Users\david\.m2\repository\org\hibernate\orm\hibernate-core\6.5.3.Final\hibernate-core-6.5.3.Final.jar;C:\Users\david\.m2\repository\jakarta\persistence\jakarta.persistence-api\3.1.0\jakarta.persistence-api-3.1.0.jar;C:\Users\david\.m2\repository\jakarta\transaction\jakarta.transaction-api\2.0.1\jakarta.transaction-api-2.0.1.jar;C:\Users\david\.m2\repository\org\jboss\logging\jboss-logging\3.5.3.Final\jboss-logging-3.5.3.Final.jar;C:\Users\david\.m2\repository\org\hibernate\common\hibernate-commons-annotations\6.0.6.Final\hibernate-commons-annotations-6.0.6.Final.jar;C:\Users\david\.m2\repository\io\smallrye\jandex\3.1.2\jandex-3.1.2.jar;C:\Users\david\.m2\repository\com\fasterxml\classmate\1.7.0\classmate-1.7.0.jar;C:\Users\david\.m2\repository\net\bytebuddy\byte-buddy\1.14.19\byte-buddy-1.14.19.jar;C:\Users\david\.m2\repository\org\glassfish\jaxb\jaxb-runtime\4.0.5\jaxb-runtime-4.0.5.jar;C:\Users\david\.m2\repository\org\glassfish\jaxb\jaxb-core\4.0.5\jaxb-core-4.0.5.jar;C:\Users\david\.m2\repository\org\glassfish\jaxb\txw2\4.0.5\txw2-4.0.5.jar;C:\Users\david\.m2\repository\com\sun\istack\istack-commons-runtime\4.1.2\istack-commons-runtime-4.1.2.jar;C:\Users\david\.m2\repository\jakarta\inject\jakarta.inject-api\2.0.1\jakarta.inject-api-2.0.1.jar;C:\Users\david\.m2\repository\org\antlr\antlr4-runtime\4.13.0\antlr4-runtime-4.13.0.jar;C:\Users\david\.m2\repository\org\springframework\data\spring-data-jpa\3.3.4\spring-data-jpa-3.3.4.jar;C:\Users\david\.m2\repository\org\springframework\data\spring-data-commons\3.3.4\spring-data-commons-3.3.4.jar;C:\Users\david\.m2\repository\org\springframework\spring-orm\6.1.13\spring-orm-6.1.13.jar;C:\Users\david\.m2\repository\org\springframework\spring-context\6.1.13\spring-context-6.1.13.jar;C:\Users\david\.m2\repository\org\springframework\spring-tx\6.1.13\spring-tx-6.1.13.jar;C:\Users\david\.m2\repository\org\springframework\spring-beans\6.1.13\spring-beans-6.1.13.jar;C:\Users\david\.m2\repository\jakarta\annotation\jakarta.annotation-api\2.1.1\jakarta.annotation-api-2.1.1.jar;C:\Users\david\.m2\repository\org\springframework\spring-aspects\6.1.13\spring-aspects-6.1.13.jar;C:\Users\david\.m2\repository\org\springframework\boot\spring-boot-starter-jdbc\3.3.4\spring-boot-starter-jdbc-3.3.4.jar;C:\Users\david\.m2\repository\org\springframework\boot\spring-boot-starter\3.3.4\spring-boot-starter-3.3.4.jar;C:\Users\david\.m2\repository\org\springframework\boot\spring-boot-starter-logging\3.3.4\spring-boot-starter-logging-3.3.4.jar;C:\Users\david\.m2\repository\ch\qos\logback\logback-classic\1.5.8\logback-classic-1.5.8.jar;C:\Users\david\.m2\repository\ch\qos\logback\logback-core\1.5.8\logback-core-1.5.8.jar;C:\Users\david\.m2\repository\org\apache\logging\log4j\log4j-to-slf4j\2.23.1\log4j-to-slf4j-2.23.1.jar;C:\Users\david\.m2\repository\org\apache\logging\log4j\log4j-api\2.23.1\log4j-api-2.23.1.jar;C:\Users\david\.m2\repository\org\slf4j\jul-to-slf4j\2.0.16\jul-to-slf4j-2.0.16.jar;C:\Users\david\.m2\repository\org\yaml\snakeyaml\2.2\snakeyaml-2.2.jar;C:\Users\david\.m2\repository\com\zaxxer\HikariCP\5.1.0\HikariCP-5.1.0.jar;C:\Users\david\.m2\repository\org\springframework\spring-jdbc\6.1.13\spring-jdbc-6.1.13.jar;C:\Users\david\.m2\repository\org\springframework\boot\spring-boot-starter-jersey\3.3.4\spring-boot-starter-jersey-3.3.4.jar;C:\Users\david\.m2\repository\org\springframework\boot\spring-boot-starter-json\3.3.4\spring-boot-starter-json-3.3.4.jar;C:\Users\david\.m2\repository\com\fasterxml\jackson\datatype\jackson-datatype-jdk8\2.17.2\jackson-datatype-jdk8-2.17.2.jar;C:\Users\david\.m2\repository\com\fasterxml\jackson\datatype\jackson-datatype-jsr310\2.17.2\jackson-datatype-jsr310-2.17.2.jar;C:\Users\david\.m2\repository\com\fasterxml\jackson\module\jackson-module-parameter-names\2.17.2\jackson-module-parameter-names-2.17.2.jar;C:\Users\david\.m2\repository\org\springframework\boot\spring-boot-starter-tomcat\3.3.4\spring-boot-starter-tomcat-3.3.4.jar;C:\Users\david\.m2\repository\org\apache\tomcat\embed\tomcat-embed-core\10.1.30\tomcat-embed-core-10.1.30.jar;C:\Users\david\.m2\repository\org\apache\tomcat\embed\tomcat-embed-el\10.1.30\tomcat-embed-el-10.1.30.jar;C:\Users\david\.m2\repository\org\apache\tomcat\embed\tomcat-embed-websocket\10.1.30\tomcat-embed-websocket-10.1.30.jar;C:\Users\david\.m2\repository\org\springframework\boot\spring-boot-starter-validation\3.3.4\spring-boot-starter-validation-3.3.4.jar;C:\Users\david\.m2\repository\org\hibernate\validator\hibernate-validator\8.0.1.Final\hibernate-validator-8.0.1.Final.jar;C:\Users\david\.m2\repository\org\springframework\spring-web\6.1.13\spring-web-6.1.13.jar;C:\Users\david\.m2\repository\io\micrometer\micrometer-observation\1.13.4\micrometer-observation-1.13.4.jar;C:\Users\david\.m2\repository\io\micrometer\micrometer-commons\1.13.4\micrometer-commons-1.13.4.jar;C:\Users\david\.m2\repository\org\glassfish\jersey\containers\jersey-container-servlet-core\3.1.8\jersey-container-servlet-core-3.1.8.jar;C:\Users\david\.m2\repository\org\glassfish\jersey\core\jersey-common\3.1.8\jersey-common-3.1.8.jar;C:\Users\david\.m2\repository\org\glassfish\hk2\osgi-resource-locator\1.0.3\osgi-resource-locator-1.0.3.jar;C:\Users\david\.m2\repository\jakarta\ws\rs\jakarta.ws.rs-api\3.1.0\jakarta.ws.rs-api-3.1.0.jar;C:\Users\david\.m2\repository\org\glassfish\jersey\containers\jersey-container-servlet\3.1.8\jersey-container-servlet-3.1.8.jar;C:\Users\david\.m2\repository\org\glassfish\jersey\core\jersey-server\3.1.8\jersey-server-3.1.8.jar;C:\Users\david\.m2\repository\org\glassfish\jersey\core\jersey-client\3.1.8\jersey-client-3.1.8.jar;C:\Users\david\.m2\repository\jakarta\validation\jakarta.validation-api\3.0.2\jakarta.validation-api-3.0.2.jar;C:\Users\david\.m2\repository\org\glassfish\jersey\ext\jersey-bean-validation\3.1.8\jersey-bean-validation-3.1.8.jar;C:\Users\david\.m2\repository\org\glassfish\expressly\expressly\5.0.0\expressly-5.0.0.jar;C:\Users\david\.m2\repository\org\glassfish\jersey\ext\jersey-spring6\3.1.8\jersey-spring6-3.1.8.jar;C:\Users\david\.m2\repository\org\glassfish\jersey\inject\jersey-hk2\3.1.8\jersey-hk2-3.1.8.jar;C:\Users\david\.m2\repository\org\glassfish\hk2\hk2-locator\3.0.6\hk2-locator-3.0.6.jar;C:\Users\david\.m2\repository\org\glassfish\hk2\external\aopalliance-repackaged\3.0.6\aopalliance-repackaged-3.0.6.jar;C:\Users\david\.m2\repository\org\javassist\javassist\3.30.2-GA\javassist-3.30.2-GA.jar;C:\Users\david\.m2\repository\org\glassfish\hk2\hk2\3.0.6\hk2-3.0.6.jar;C:\Users\david\.m2\repository\org\glassfish\hk2\hk2-utils\3.0.6\hk2-utils-3.0.6.jar;C:\Users\david\.m2\repository\org\glassfish\hk2\hk2-api\3.0.6\hk2-api-3.0.6.jar;C:\Users\david\.m2\repository\org\glassfish\hk2\hk2-core\3.0.6\hk2-core-3.0.6.jar;C:\Users\david\.m2\repository\org\glassfish\hk2\hk2-runlevel\3.0.6\hk2-runlevel-3.0.6.jar;C:\Users\david\.m2\repository\org\glassfish\hk2\class-model\3.0.6\class-model-3.0.6.jar;C:\Users\david\.m2\repository\org\ow2\asm\asm-commons\9.6\asm-commons-9.6.jar;C:\Users\david\.m2\repository\org\glassfish\hk2\spring-bridge\3.0.6\spring-bridge-3.0.6.jar;C:\Users\david\.m2\repository\org\glassfish\jersey\media\jersey-media-json-jackson\3.1.8\jersey-media-json-jackson-3.1.8.jar;C:\Users\david\.m2\repository\org\glassfish\jersey\ext\jersey-entity-filtering\3.1.8\jersey-entity-filtering-3.1.8.jar;C:\Users\david\.m2\repository\com\fasterxml\jackson\core\jackson-annotations\2.17.2\jackson-annotations-2.17.2.jar;C:\Users\david\.m2\repository\com\fasterxml\jackson\module\jackson-module-jakarta-xmlbind-annotations\2.17.2\jackson-module-jakarta-xmlbind-annotations-2.17.2.jar;C:\Users\david\.m2\repository\org\springframework\boot\spring-boot-starter-web\3.3.4\spring-boot-starter-web-3.3.4.jar;C:\Users\david\.m2\repository\org\springframework\spring-webmvc\6.1.13\spring-webmvc-6.1.13.jar;C:\Users\david\.m2\repository\org\springframework\spring-expression\6.1.13\spring-expression-6.1.13.jar;C:\Users\david\.m2\repository\org\springframework\boot\spring-boot-starter-web-services\3.3.4\spring-boot-starter-web-services-3.3.4.jar;C:\Users\david\.m2\repository\com\sun\xml\messaging\saaj\saaj-impl\3.0.4\saaj-impl-3.0.4.jar;C:\Users\david\.m2\repository\jakarta\xml\soap\jakarta.xml.soap-api\3.0.2\jakarta.xml.soap-api-3.0.2.jar;C:\Users\david\.m2\repository\org\jvnet\staxex\stax-ex\2.1.0\stax-ex-2.1.0.jar;C:\Users\david\.m2\repository\jakarta\activation\jakarta.activation-api\2.1.3\jakarta.activation-api-2.1.3.jar;C:\Users\david\.m2\repository\org\eclipse\angus\angus-activation\2.0.2\angus-activation-2.0.2.jar;C:\Users\david\.m2\repository\jakarta\xml\ws\jakarta.xml.ws-api\4.0.2\jakarta.xml.ws-api-4.0.2.jar;C:\Users\david\.m2\repository\org\springframework\spring-oxm\6.1.13\spring-oxm-6.1.13.jar;C:\Users\david\.m2\repository\org\springframework\ws\spring-ws-core\4.0.11\spring-ws-core-4.0.11.jar;C:\Users\david\.m2\repository\org\springframework\ws\spring-xml\4.0.11\spring-xml-4.0.11.jar;C:\Users\david\.m2\repository\org\springdoc\springdoc-openapi-starter-webmvc-ui\2.6.0\springdoc-openapi-starter-webmvc-ui-2.6.0.jar;C:\Users\david\.m2\repository\org\springdoc\springdoc-openapi-starter-webmvc-api\2.6.0\springdoc-openapi-starter-webmvc-api-2.6.0.jar;C:\Users\david\.m2\repository\org\springdoc\springdoc-openapi-starter-common\2.6.0\springdoc-openapi-starter-common-2.6.0.jar;C:\Users\david\.m2\repository\io\swagger\core\v3\swagger-core-jakarta\2.2.22\swagger-core-jakarta-2.2.22.jar;C:\Users\david\.m2\repository\org\apache\commons\commons-lang3\3.14.0\commons-lang3-3.14.0.jar;C:\Users\david\.m2\repository\io\swagger\core\v3\swagger-annotations-jakarta\2.2.22\swagger-annotations-jakarta-2.2.22.jar;C:\Users\david\.m2\repository\io\swagger\core\v3\swagger-models-jakarta\2.2.22\swagger-models-jakarta-2.2.22.jar;C:\Users\david\.m2\repository\org\webjars\swagger-ui\5.17.14\swagger-ui-5.17.14.jar;C:\Users\david\.m2\repository\org\springframework\boot\spring-boot-devtools\3.3.4\spring-boot-devtools-3.3.4.jar;C:\Users\david\.m2\repository\org\springframework\boot\spring-boot\3.3.4\spring-boot-3.3.4.jar;C:\Users\david\.m2\repository\org\springframework\boot\spring-boot-autoconfigure\3.3.4\spring-boot-autoconfigure-3.3.4.jar;C:\Users\david\.m2\repository\com\h2database\h2\2.2.224\h2-2.2.224.jar;C:\Users\david\.m2\repository\org\springframework\boot\spring-boot-configuration-processor\3.3.4\spring-boot-configuration-processor-3.3.4.jar;C:\Users\david\.m2\repository\org\projectlombok\lombok\1.18.34\lombok-1.18.34.jar;C:\Users\david\.m2\repository\org\springframework\boot\spring-boot-starter-test\3.3.4\spring-boot-starter-test-3.3.4.jar;C:\Users\david\.m2\repository\org\springframework\boot\spring-boot-test\3.3.4\spring-boot-test-3.3.4.jar;C:\Users\david\.m2\repository\org\springframework\boot\spring-boot-test-autoconfigure\3.3.4\spring-boot-test-autoconfigure-3.3.4.jar;C:\Users\david\.m2\repository\com\jayway\jsonpath\json-path\2.9.0\json-path-2.9.0.jar;C:\Users\david\.m2\repository\jakarta\xml\bind\jakarta.xml.bind-api\4.0.2\jakarta.xml.bind-api-4.0.2.jar;C:\Users\david\.m2\repository\net\minidev\json-smart\2.5.1\json-smart-2.5.1.jar;C:\Users\david\.m2\repository\net\minidev\accessors-smart\2.5.1\accessors-smart-2.5.1.jar;C:\Users\david\.m2\repository\org\ow2\asm\asm\9.6\asm-9.6.jar;C:\Users\david\.m2\repository\org\assertj\assertj-core\3.25.3\assertj-core-3.25.3.jar;C:\Users\david\.m2\repository\org\awaitility\awaitility\4.2.2\awaitility-4.2.2.jar;C:\Users\david\.m2\repository\org\hamcrest\hamcrest\2.2\hamcrest-2.2.jar;C:\Users\david\.m2\repository\org\junit\jupiter\junit-jupiter\5.10.3\junit-jupiter-5.10.3.jar;C:\Users\david\.m2\repository\org\junit\jupiter\junit-jupiter-api\5.10.3\junit-jupiter-api-5.10.3.jar;C:\Users\david\.m2\repository\org\opentest4j\opentest4j\1.3.0\opentest4j-1.3.0.jar;C:\Users\david\.m2\repository\org\junit\platform\junit-platform-commons\1.10.3\junit-platform-commons-1.10.3.jar;C:\Users\david\.m2\repository\org\apiguardian\apiguardian-api\1.1.2\apiguardian-api-1.1.2.jar;C:\Users\david\.m2\repository\org\junit\jupiter\junit-jupiter-params\5.10.3\junit-jupiter-params-5.10.3.jar;C:\Users\david\.m2\repository\org\junit\jupiter\junit-jupiter-engine\5.10.3\junit-jupiter-engine-5.10.3.jar;C:\Users\david\.m2\repository\org\junit\platform\junit-platform-engine\1.10.3\junit-platform-engine-1.10.3.jar;C:\Users\david\.m2\repository\org\mockito\mockito-core\5.11.0\mockito-core-5.11.0.jar;C:\Users\david\.m2\repository\net\bytebuddy\byte-buddy-agent\1.14.19\byte-buddy-agent-1.14.19.jar;C:\Users\david\.m2\repository\org\objenesis\objenesis\3.3\objenesis-3.3.jar;C:\Users\david\.m2\repository\org\mockito\mockito-junit-jupiter\5.11.0\mockito-junit-jupiter-5.11.0.jar;C:\Users\david\.m2\repository\org\skyscreamer\jsonassert\1.5.3\jsonassert-1.5.3.jar;C:\Users\david\.m2\repository\com\vaadin\external\google\android-json\0.0.20131108.vaadin1\android-json-0.0.20131108.vaadin1.jar;C:\Users\david\.m2\repository\org\springframework\spring-core\6.1.13\spring-core-6.1.13.jar;C:\Users\david\.m2\repository\org\springframework\spring-jcl\6.1.13\spring-jcl-6.1.13.jar;C:\Users\david\.m2\repository\org\springframework\spring-test\6.1.13\spring-test-6.1.13.jar;C:\Users\david\.m2\repository\org\xmlunit\xmlunit-core\2.9.1\xmlunit-core-2.9.1.jar;C:\Users\david\.m2\repository\org\springframework\restdocs\spring-restdocs-mockmvc\3.0.1\spring-restdocs-mockmvc-3.0.1.jar;C:\Users\david\.m2\repository\org\springframework\restdocs\spring-restdocs-core\3.0.1\spring-restdocs-core-3.0.1.jar;C:\Users\david\.m2\repository\jakarta\servlet\jakarta.servlet-api\6.0.0\jakarta.servlet-api-6.0.0.jar;C:\Users\david\.m2\repository\com\networknt\json-schema-validator\1.4.0\json-schema-validator-1.4.0.jar;C:\Users\david\.m2\repository\com\ethlo\time\itu\1.8.0\itu-1.8.0.jar;C:\Users\david\.m2\repository\com\fasterxml\jackson\core\jackson-databind\2.17.2\jackson-databind-2.17.2.jar;C:\Users\david\.m2\repository\com\fasterxml\jackson\core\jackson-core\2.17.2\jackson-core-2.17.2.jar;C:\Users\david\.m2\repository\com\fasterxml\jackson\dataformat\jackson-dataformat-yaml\2.17.2\jackson-dataformat-yaml-2.17.2.jar;C:\Users\david\.m2\repository\org\slf4j\slf4j-api\2.0.16\slf4j-api-2.0.16.jar;"/>
    <property name="sun.cpu.endian" value="little"/>
    <property name="user.home" value="C:\Users\david"/>
    <property name="user.language" value="en"/>
    <property name="java.specification.vendor" value="Oracle Corporation"/>
    <property name="java.version.date" value="2022-10-18"/>
    <property name="java.home" value="C:\Program Files\Microsoft\jdk-17.0.5.8-hotspot"/>
    <property name="file.separator" value="\"/>
    <property name="style.color" value="always"/>
    <property name="basedir" value="C:\Users\david\OneDrive\OAISIFTestBB\specificadapter"/>
    <property name="java.vm.compressedOopsMode" value="Zero based"/>
    <property name="line.separator" value="&#10;"/>
    <property name="java.vm.specification.vendor" value="Oracle Corporation"/>
    <property name="java.specification.name" value="Java Platform API Specification"/>
    <property name="FILE_LOG_CHARSET" value="windows-1252"/>
    <property name="java.awt.headless" value="true"/>
    <property name="surefire.real.class.path" value="C:\Users\david\AppData\Local\Temp\surefire5984865244636733194\surefirebooter-20241121140218004_3.jar"/>
    <property name="user.script" value=""/>
    <property name="sun.management.compiler" value="HotSpot 64-Bit Tiered Compilers"/>
    <property name="java.runtime.version" value="17.0.5+8-LTS"/>
    <property name="user.name" value="david"/>
    <property name="path.separator" value=";"/>
    <property name="os.version" value="10.0"/>
    <property name="java.runtime.name" value="OpenJDK Runtime Environment"/>
    <property name="file.encoding" value="Cp1252"/>
    <property name="java.vm.name" value="OpenJDK 64-Bit Server VM"/>
    <property name="java.vendor.version" value="Microsoft-6841604"/>
    <property name="localRepository" value="C:\Users\david\.m2\repository"/>
    <property name="java.vendor.url.bug" value="https://github.com/microsoft/openjdk/issues"/>
    <property name="java.io.tmpdir" value="C:\Users\david\AppData\Local\Temp\"/>
    <property name="com.zaxxer.hikari.pool_number" value="1"/>
    <property name="java.version" value="17.0.5"/>
    <property name="user.dir" value="C:\Users\david\OneDrive\OAISIFTestBB\specificadapter"/>
    <property name="os.arch" value="amd64"/>
    <property name="java.vm.specification.name" value="Java Virtual Machine Specification"/>
    <property name="PID" value="28972"/>
    <property name="sun.os.patch.level" value=""/>
    <property name="CONSOLE_LOG_CHARSET" value="windows-1252"/>
    <property name="native.encoding" value="Cp1252"/>
    <property name="java.library.path" value="C:\Program Files\Microsoft\jdk-17.0.5.8-hotspot\bin;C:\Windows\Sun\Java\bin;C:\Windows\system32;C:\Windows;C:/Users/david/.p2/pool/plugins/org.eclipse.justj.openjdk.hotspot.jre.full.win32.x86_64_23.0.0.v20240919-1706/jre/bin/server;C:/Users/david/.p2/pool/plugins/org.eclipse.justj.openjdk.hotspot.jre.full.win32.x86_64_23.0.0.v20240919-1706/jre/bin;C:\Python312\Scripts\;C:\Python312\;C:\Program Files\Microsoft\jdk-17.0.5.8-hotspot\\bin;C:\Windows\system32;C:\Windows;C:\Windows\System32\Wbem;C:\Windows\System32\WindowsPowerShell\v1.0\;C:\Windows\System32\OpenSSH\;C:\Program Files\dotnet\;c:\php;C:\Program Files\MySQL\MySQL Server 8.0\bin;c:\maven\bin;c:\gradle\bin;C:\Program Files (x86)\GTK2-Runtime\bin;C:\HashiCorp\Vagrant\bin;C:\Program Files\Docker\Docker\resources\bin;C:\Program Files\nodejs\;C:\ProgramData\chocolatey\bin;C:\Program Files\TortoiseSVN\bin;C:\Program Files\Git\cmd;C:\Users\david\.cargo\bin;C:\Users\david\AppData\Local\Microsoft\WindowsApps;c:\php\ext;;C:\Users\david\AppData\Local\Programs\Microsoft VS Code\bin;C:\Users\david\AppData\Roaming\npm;C:\Windows\System32;;."/>
    <property name="java.vm.info" value="mixed mode, sharing"/>
    <property name="java.vendor" value="Microsoft"/>
    <property name="java.vm.version" value="17.0.5+8-LTS"/>
    <property name="sun.io.unicode.encoding" value="UnicodeLittle"/>
    <property name="java.class.version" value="61.0"/>
    <property name="LOGGED_APPLICATION_NAME" value="[specificadapter] "/>
  </properties>
  <testcase name="contextLoads" classname="info.oais.oaisif.specificadapter.SpecificadapterApplicationTests" time="0.551">
    <system-out><![CDATA[14:02:19.214 [main] INFO org.springframework.test.context.support.AnnotationConfigContextLoaderUtils -- Could not detect default configuration classes for test class [info.oais.oaisif.specificadapter.SpecificadapterApplicationTests]: SpecificadapterApplicationTests does not declare any static, non-private, non-final, nested classes annotated with @Configuration.
14:02:19.358 [main] INFO org.springframework.boot.test.context.SpringBootTestContextBootstrapper -- Found @SpringBootConfiguration info.oais.oaisif.specificadapter.SpecificAdapterApplication for test class info.oais.oaisif.specificadapter.SpecificadapterApplicationTests
14:02:19.596 [main] INFO org.springframework.boot.devtools.restart.RestartApplicationListener -- Restart disabled due to context in which it is running

  .   ____          _            __ _ _
 /\\ / ___'_ __ _ _(_)_ __  __ _ \ \ \ \
( ( )\___ | '_ | '_| | '_ \/ _` | \ \ \ \
 \\/  ___)| |_)| | | | | || (_| |  ) ) ) )
  '  |____| .__|_| |_|_| |_\__, | / / / /
 =========|_|==============|___/=/_/_/_/

 :: Spring Boot ::                (v3.3.4)

2024-11-21T14:02:19.938Z  INFO 28972 --- [specificadapter] [           main] i.o.o.s.SpecificadapterApplicationTests  : Starting SpecificadapterApplicationTests using Java 17.0.5 with PID 28972 (started by david in C:\Users\david\OneDrive\OAISIFTestBB\specificadapter)
2024-11-21T14:02:19.940Z  INFO 28972 --- [specificadapter] [           main] i.o.o.s.SpecificadapterApplicationTests  : No active profile set, falling back to 1 default profile: "default"
2024-11-21T14:02:21.046Z  INFO 28972 --- [specificadapter] [           main] .s.d.r.c.RepositoryConfigurationDelegate : Bootstrapping Spring Data JPA repositories in DEFAULT mode.
2024-11-21T14:02:21.114Z  INFO 28972 --- [specificadapter] [           main] .s.d.r.c.RepositoryConfigurationDelegate : Finished Spring Data repository scanning in 57 ms. Found 1 JPA repository interface.
2024-11-21T14:02:21.482Z  WARN 28972 --- [specificadapter] [           main] trationDelegate$BeanPostProcessorChecker : Bean 'org.springframework.ws.config.annotation.DelegatingWsConfiguration' of type [org.springframework.ws.config.annotation.DelegatingWsConfiguration$$SpringCGLIB$$0] is not eligible for getting processed by all BeanPostProcessors (for example: not eligible for auto-proxying). The currently created BeanPostProcessor [annotationActionEndpointMapping] is declared through a non-static factory method on that class; consider declaring it as static instead.
2024-11-21T14:02:21.537Z  INFO 28972 --- [specificadapter] [           main] .w.s.a.s.AnnotationActionEndpointMapping : Supporting [WS-Addressing August 2004, WS-Addressing 1.0]
2024-11-21T14:02:21.831Z  INFO 28972 --- [specificadapter] [           main] o.hibernate.jpa.internal.util.LogHelper  : HHH000204: Processing PersistenceUnitInfo [name: default]
2024-11-21T14:02:21.963Z  INFO 28972 --- [specificadapter] [           main] org.hibernate.Version                    : HHH000412: Hibernate ORM core version 6.5.3.Final
2024-11-21T14:02:22.026Z  INFO 28972 --- [specificadapter] [           main] o.h.c.internal.RegionFactoryInitiator    : HHH000026: Second-level cache disabled
2024-11-21T14:02:22.473Z  INFO 28972 --- [specificadapter] [           main] o.s.o.j.p.SpringPersistenceUnitInfo      : No LoadTimeWeaver setup: ignoring JPA class transformer
2024-11-21T14:02:22.530Z  INFO 28972 --- [specificadapter] [           main] com.zaxxer.hikari.HikariDataSource       : HikariPool-1 - Starting...
2024-11-21T14:02:22.752Z  INFO 28972 --- [specificadapter] [           main] com.zaxxer.hikari.pool.HikariPool        : HikariPool-1 - Added connection conn0: url=jdbc:h2:mem:testdb user=SA
2024-11-21T14:02:22.753Z  INFO 28972 --- [specificadapter] [           main] com.zaxxer.hikari.HikariDataSource       : HikariPool-1 - Start completed.
2024-11-21T14:02:22.781Z  WARN 28972 --- [specificadapter] [           main] org.hibernate.orm.deprecation            : HHH90000025: H2Dialect does not need to be specified explicitly using 'hibernate.dialect' (remove the property setting and it will be selected by default)
2024-11-21T14:02:23.697Z  INFO 28972 --- [specificadapter] [           main] o.h.e.t.j.p.i.JtaPlatformInitiator       : HHH000489: No JTA platform available (set 'hibernate.transaction.jta.platform' to enable JTA platform integration)
2024-11-21T14:02:23.758Z  INFO 28972 --- [specificadapter] [           main] j.LocalContainerEntityManagerFactoryBean : Initialized JPA EntityManagerFactory for persistence unit 'default'
2024-11-21T14:02:24.283Z  INFO 28972 --- [specificadapter] [           main] i.o.o.s.SpecificAdapterService           : Saving the initial values
aip0:{"InformationPackage":{"InformationObject":{"DataObject":{"IdentifierObject":{"IdentifierString":"http://myprov.example.com/do","IdentifierType":"URI"},"size":"12345678"},"RepresentationInformation":{"AndGroup":{"OtherRI":{"OrGroup":[{"DataObject":{"IdentifierObject":{"IdentifierString":"http://myprov.example.com/java-sw","IdentifierType":"URI"}},"RepresentationInformation":{"IdentifierString":"http://opm.example.com/java-sw-system","IdentifierType":"URI"}},{"DataObject":{"IdentifierObject":{"IdentifierString":"http://myprov.example.com/csharp-sw","IdentifierType":"URI"}},"RepresentationInformation":{"IdentifierObject":{"IdentifierString":"http://opm.example.com/csharp-sw-system","IdentifierType":"URI"}}}]},"SemanticsRI":{"DataObject":{"IdentifierObject":{"IdentifierString":"http://myprov.example.com/dosem","IdentifierType":"URI"}},"RepresentationInformation":{"IdentifierObject":{"IdentifierString":"http://opm.example.com/ristr","IdentifierType":"URI"}}},"StructureRI":{"DataObject":{"IdentifierObject":{"IdentifierString":"http://myprov.example.com/dostr","IdentifierType":"URI"}},"RepresentationInformation":{"IdentifierObject":{"IdentifierString":"http://opm.example.com/ristr","IdentifierType":"URI"}}}}}},"IsDeclaredComplete":true,"PackageDescription":"This is an example AIP","PackageType":"AIP","PDI":{"AccessRights":{"DataObject":{"IdentifierObject":{"IdentifierString":"http://myprov.example.com/ar","IdentifierType":"URI"}},"RepresentationInformation":{"IdentifierObject":{"IdentifierString":"http://myprov.example.com/arri","IdentifierType":"URI"}}},"Context":{"DataObject":{"IdentifierObject":{"IdentifierString":"http://myprov.example.com/context","IdentifierType":"URI"}},"RepresentationInformation":{"IdentifierObject":{"IdentifierString":"http://myprov.example.com/contextri","IdentifierType":"URI"}}},"Fixity":{"DataObject":{"IdentifierObject":{"IdentifierString":"http://myprov.example.com/fix","IdentifierType":"URI"}},"RepresentationInformation":{"IdentifierObject":{"IdentifierString":"http://myprov.example.com/fixri","IdentifierType":"URL"}}},"Provenance":{"DataObject":{"IdentifierObject":{"IdentifierString":"http://myprov.example.com/prov","IdentifierType":"URI"},"size":"12345678"},"RepresentationInformation":{"IdentifierObject":{"IdentifierString":"http://myprov.example.com/provri","IdentifierType":"URI"}}},"Reference":{"DataObject":{"IdentifierObject":{"IdentifierString":"http://myprov.example.com/ref","IdentifierType":"URI"}},"RepresentationInformation":{"IdentifierObject":{"IdentifierString":"http://myprov.example.com/refri","IdentifierType":"URI"}}}},"version":"1.0"}} 
aip1:{"InformationPackage":{"InformationObject":{"DataObject":{"IdentifierObject":{"IdentifierString":"http://myprov.test.net/do","IdentifierType":"URI"},"size":"12345678"},"RepresentationInformation":{"AndGroup":{"OtherRI":{"OrGroup":[{"DataObject":{"IdentifierObject":{"IdentifierString":"http://myprov.test.net/java-sw","IdentifierType":"URI"}},"RepresentationInformation":{"IdentifierObject":{"IdentifierString":"http://opm.test.net/java-sw-system","IdentifierType":"URI"}}},{"DataObject":{"IdentifierObject":{"IdentifierString":"http://myprov.test.net/csharp-sw","IdentifierType":"URI"}},"RepresentationInformation":{"IdentifierObject":{"IdentifierString":"http://opm.test.net/csharp-sw-system","IdentifierType":"URI"}}}]},"SemanticsRI":{"DataObject":{"IdentifierObject":{"IdentifierString":"http://myprov.test.net/dosem","IdentifierType":"URI"}},"RepresentationInformation":{"IdentifierObject":{"IdentifierString":"http://opm.test.net/ristr","IdentifierType":"URI"}}},"StructureRI":{"DataObject":{"IdentifierObject":{"IdentifierString":"http://myprov.test.net/dostr","IdentifierType":"URI"}},"RepresentationInformation":{"IdentifierObject":{"IdentifierString":"http://opm.test.net/ristr","IdentifierType":"URI"}}}}}},"IsDeclaredComplete":true,"PackageDescription":"This is an example AIP Test","PackageType":"AIP","PDI":{"AccessRights":{"DataObject":{"IdentifierObject":{"IdentifierString":"http://myprov.test.net/ar","IdentifierType":"URI"}},"RepresentationInformation":{"IdentifierObject":{"IdentifierString":"http://myprov.test.net/arri","IdentifierType":"URI"}}},"Context":{"DataObject":{"IdentifierObject":{"IdentifierString":"http://myprov.test.net/context","IdentifierType":"URI"}},"RepresentationInformation":{"IdentifierObject":{"IdentifierString":"http://myprov.test.net/contextri","IdentifierType":"URI"}}},"Fixity":{"DataObject":{"IdentifierObject":{"IdentifierString":"http://myprov.test.net/fix","IdentifierType":"URI"}},"RepresentationInformation":{"IdentifierObject":{"IdentifierString":"http://myprov.test.net/fixri","IdentifierType":"URL"}}},"Provenance":{"DataObject":{"IdentifierObject":{"IdentifierString":"http://myprov.test.net/prov","IdentifierType":"URI"},"size":"12345678"},"RepresentationInformation":{"IdentifierObject":{"IdentifierString":"http://myprov.test.net/provri","IdentifierType":"URI"}}},"Reference":{"DataObject":{"IdentifierObject":{"IdentifierString":"http://myprov.test.net/ref","IdentifierType":"URI"}},"RepresentationInformation":{"IdentifierObject":{"IdentifierString":"http://myprov.test.net/refri","IdentifierType":"URI"}}}},"version":"1.0"}}
aip2:{"InformationPackage":{"InformationObject":{"DataObject":{"IdentifierObject":{"IdentifierString":"http://www.oais.info/oais-if/repository/PTAB-Example-Data/sample.table.fits","IdentifierType":"URI"},"size":"77760"},"RepresentationInformation":{"AndGroup":{"OtherRI":{"DataObject":{"IdentifierObject":{"IdentifierString":"http://www.oais.info/oais-if/rrori/topcat-full.jar","IdentifierType":"URI"}},"RepresentationInformation":{"DataObject":{"IdentifierObject":{"IdentifierString":"http://www.oais.info/oais-if/rrori/JAVA-jar-file.txt","IdentifierType":"URI"}},"RepresentationInformation":{"IdentifierObject":{"IdentifierString":"https://www.charset.org/utf-8","IdentifierType":"URI"}}}},"SemanticsRI":{"DataObject":{"IdentifierObject":{"IdentifierString":"http://www.oais.info/oais-if/rrori/FITS%20Semantics.txt","IdentifierType":"URI"}},"RepresentationInformation":{"IdentifierObject":{"IdentifierString":"https://www.charset.org/utf-8","IdentifierType":"URI"}}},"StructureRI":{"DataObject":{"IdentifierObject":{"IdentifierString":"http://www.oais.info/oais-if/rrori/FITS%20Structure.txt","IdentifierType":"URI"}},"RepresentationInformation":{"IdentifierObject":{"IdentifierString":"https://www.charset.org/utf-8","IdentifierType":"URI"}}}}}},"IsDeclaredComplete":true,"PackageDescription":"This is an example AIP for a FITS file","PackageType":"AIP","PDI":{"AccessRights":{"DataObject":{"IdentifierObject":{"IdentifierString":"http://myprov.example.com/ar","IdentifierType":"URI"}},"RepresentationInformation":{"IdentifierObject":{"IdentifierString":"http://myprov.example.com/arri","IdentifierType":"URI"}}},"Context":{"DataObject":{"IdentifierObject":{"IdentifierString":"http://myprov.example.com/context","IdentifierType":"URI"}},"RepresentationInformation":{"IdentifierObject":{"IdentifierString":"http://myprov.example.com/contextri","IdentifierType":"URI"}}},"Fixity":{"DataObject":{"IdentifierObject":{"IdentifierString":"http://myprov.example.com/fix","IdentifierType":"URI"}},"RepresentationInformation":{"IdentifierObject":{"IdentifierString":"http://myprov.example.com/fixri","IdentifierType":"URL"}}},"Provenance":{"DataObject":{"IdentifierObject":{"IdentifierString":"http://www.oais.info/oais-if/rrori/FITS%20Provenance.txt","IdentifierType":"URI"}},"RepresentationInformation":{"IdentifierObject":{"IdentifierString":"http://myprov.example.com/provri","IdentifierType":"URI"}}},"Reference":{"DataObject":{"IdentifierObject":{"IdentifierString":"http://myprov.example.com/ref","IdentifierType":"URI"}},"RepresentationInformation":{"IdentifierObject":{"IdentifierString":"http://myprov.example.com/refri","IdentifierType":"URI"}}}},"version":"1.0"}}
specificAdapterRepository is:org.springframework.data.jpa.repository.support.SimpleJpaRepository@5b4ce00
Retrieve all records
Entries: [Id:365923130    AIP : {"InformationPackage":{"InformationObject":{"DataObject":{"IdentifierObject":{"IdentifierString":"http://myprov.test.net/do","IdentifierType":"URI"},"size":"12345678"},"RepresentationInformation":{"AndGroup":{"OtherRI":{"OrGroup":[{"DataObject":{"IdentifierObject":{"IdentifierString":"http://myprov.test.net/java-sw","IdentifierType":"URI"}},"RepresentationInformation":{"IdentifierObject":{"IdentifierString":"http://opm.test.net/java-sw-system","IdentifierType":"URI"}}},{"DataObject":{"IdentifierObject":{"IdentifierString":"http://myprov.test.net/csharp-sw","IdentifierType":"URI"}},"RepresentationInformation":{"IdentifierObject":{"IdentifierString":"http://opm.test.net/csharp-sw-system","IdentifierType":"URI"}}}]},"SemanticsRI":{"DataObject":{"IdentifierObject":{"IdentifierString":"http://myprov.test.net/dosem","IdentifierType":"URI"}},"RepresentationInformation":{"IdentifierObject":{"IdentifierString":"http://opm.test.net/ristr","IdentifierType":"URI"}}},"StructureRI":{"DataObject":{"IdentifierObject":{"IdentifierString":"http://myprov.test.net/dostr","IdentifierType":"URI"}},"RepresentationInformation":{"IdentifierObject":{"IdentifierString":"http://opm.test.net/ristr","IdentifierType":"URI"}}}}}},"IsDeclaredComplete":true,"PackageDescription":"This is an example AIP Test","PackageType":"AIP","PDI":{"AccessRights":{"DataObject":{"IdentifierObject":{"IdentifierString":"http://myprov.test.net/ar","IdentifierType":"URI"}},"RepresentationInformation":{"IdentifierObject":{"IdentifierString":"http://myprov.test.net/arri","IdentifierType":"URI"}}},"Context":{"DataObject":{"IdentifierObject":{"IdentifierString":"http://myprov.test.net/context","IdentifierType":"URI"}},"RepresentationInformation":{"IdentifierObject":{"IdentifierString":"http://myprov.test.net/contextri","IdentifierType":"URI"}}},"Fixity":{"DataObject":{"IdentifierObject":{"IdentifierString":"http://myprov.test.net/fix","IdentifierType":"URI"}},"RepresentationInformation":{"IdentifierObject":{"IdentifierString":"http://myprov.test.net/fixri","IdentifierType":"URL"}}},"Provenance":{"DataObject":{"IdentifierObject":{"IdentifierString":"http://myprov.test.net/prov","IdentifierType":"URI"},"size":"12345678"},"RepresentationInformation":{"IdentifierObject":{"IdentifierString":"http://myprov.test.net/provri","IdentifierType":"URI"}}},"Reference":{"DataObject":{"IdentifierObject":{"IdentifierString":"http://myprov.test.net/ref","IdentifierType":"URI"}},"RepresentationInformation":{"IdentifierObject":{"IdentifierString":"http://myprov.test.net/refri","IdentifierType":"URI"}}}},"version":"1.0"}}, Id:427450850    AIP : {"InformationPackage":{"InformationObject":{"DataObject":{"IdentifierObject":{"IdentifierString":"http://myprov.example.com/do","IdentifierType":"URI"},"size":"12345678"},"RepresentationInformation":{"AndGroup":{"OtherRI":{"OrGroup":[{"DataObject":{"IdentifierObject":{"IdentifierString":"http://myprov.example.com/java-sw","IdentifierType":"URI"}},"RepresentationInformation":{"IdentifierString":"http://opm.example.com/java-sw-system","IdentifierType":"URI"}},{"DataObject":{"IdentifierObject":{"IdentifierString":"http://myprov.example.com/csharp-sw","IdentifierType":"URI"}},"RepresentationInformation":{"IdentifierObject":{"IdentifierString":"http://opm.example.com/csharp-sw-system","IdentifierType":"URI"}}}]},"SemanticsRI":{"DataObject":{"IdentifierObject":{"IdentifierString":"http://myprov.example.com/dosem","IdentifierType":"URI"}},"RepresentationInformation":{"IdentifierObject":{"IdentifierString":"http://opm.example.com/ristr","IdentifierType":"URI"}}},"StructureRI":{"DataObject":{"IdentifierObject":{"IdentifierString":"http://myprov.example.com/dostr","IdentifierType":"URI"}},"RepresentationInformation":{"IdentifierObject":{"IdentifierString":"http://opm.example.com/ristr","IdentifierType":"URI"}}}}}},"IsDeclaredComplete":true,"PackageDescription":"This is an example AIP","PackageType":"AIP","PDI":{"AccessRights":{"DataObject":{"IdentifierObject":{"IdentifierString":"http://myprov.example.com/ar","IdentifierType":"URI"}},"RepresentationInformation":{"IdentifierObject":{"IdentifierString":"http://myprov.example.com/arri","IdentifierType":"URI"}}},"Context":{"DataObject":{"IdentifierObject":{"IdentifierString":"http://myprov.example.com/context","IdentifierType":"URI"}},"RepresentationInformation":{"IdentifierObject":{"IdentifierString":"http://myprov.example.com/contextri","IdentifierType":"URI"}}},"Fixity":{"DataObject":{"IdentifierObject":{"IdentifierString":"http://myprov.example.com/fix","IdentifierType":"URI"}},"RepresentationInformation":{"IdentifierObject":{"IdentifierString":"http://myprov.example.com/fixri","IdentifierType":"URL"}}},"Provenance":{"DataObject":{"IdentifierObject":{"IdentifierString":"http://myprov.example.com/prov","IdentifierType":"URI"},"size":"12345678"},"RepresentationInformation":{"IdentifierObject":{"IdentifierString":"http://myprov.example.com/provri","IdentifierType":"URI"}}},"Reference":{"DataObject":{"IdentifierObject":{"IdentifierString":"http://myprov.example.com/ref","IdentifierType":"URI"}},"RepresentationInformation":{"IdentifierObject":{"IdentifierString":"http://myprov.example.com/refri","IdentifierType":"URI"}}}},"version":"1.0"}} , Id:1307693071    AIP : {"InformationPackage":{"InformationObject":{"DataObject":{"IdentifierObject":{"IdentifierString":"http://www.oais.info/oais-if/repository/PTAB-Example-Data/sample.table.fits","IdentifierType":"URI"},"size":"77760"},"RepresentationInformation":{"AndGroup":{"OtherRI":{"DataObject":{"IdentifierObject":{"IdentifierString":"http://www.oais.info/oais-if/rrori/topcat-full.jar","IdentifierType":"URI"}},"RepresentationInformation":{"DataObject":{"IdentifierObject":{"IdentifierString":"http://www.oais.info/oais-if/rrori/JAVA-jar-file.txt","IdentifierType":"URI"}},"RepresentationInformation":{"IdentifierObject":{"IdentifierString":"https://www.charset.org/utf-8","IdentifierType":"URI"}}}},"SemanticsRI":{"DataObject":{"IdentifierObject":{"IdentifierString":"http://www.oais.info/oais-if/rrori/FITS%20Semantics.txt","IdentifierType":"URI"}},"RepresentationInformation":{"IdentifierObject":{"IdentifierString":"https://www.charset.org/utf-8","IdentifierType":"URI"}}},"StructureRI":{"DataObject":{"IdentifierObject":{"IdentifierString":"http://www.oais.info/oais-if/rrori/FITS%20Structure.txt","IdentifierType":"URI"}},"RepresentationInformation":{"IdentifierObject":{"IdentifierString":"https://www.charset.org/utf-8","IdentifierType":"URI"}}}}}},"IsDeclaredComplete":true,"PackageDescription":"This is an example AIP for a FITS file","PackageType":"AIP","PDI":{"AccessRights":{"DataObject":{"IdentifierObject":{"IdentifierString":"http://myprov.example.com/ar","IdentifierType":"URI"}},"RepresentationInformation":{"IdentifierObject":{"IdentifierString":"http://myprov.example.com/arri","IdentifierType":"URI"}}},"Context":{"DataObject":{"IdentifierObject":{"IdentifierString":"http://myprov.example.com/context","IdentifierType":"URI"}},"RepresentationInformation":{"IdentifierObject":{"IdentifierString":"http://myprov.example.com/contextri","IdentifierType":"URI"}}},"Fixity":{"DataObject":{"IdentifierObject":{"IdentifierString":"http://myprov.example.com/fix","IdentifierType":"URI"}},"RepresentationInformation":{"IdentifierObject":{"IdentifierString":"http://myprov.example.com/fixri","IdentifierType":"URL"}}},"Provenance":{"DataObject":{"IdentifierObject":{"IdentifierString":"http://www.oais.info/oais-if/rrori/FITS%20Provenance.txt","IdentifierType":"URI"}},"RepresentationInformation":{"IdentifierObject":{"IdentifierString":"http://myprov.example.com/provri","IdentifierType":"URI"}}},"Reference":{"DataObject":{"IdentifierObject":{"IdentifierString":"http://myprov.example.com/ref","IdentifierType":"URI"}},"RepresentationInformation":{"IdentifierObject":{"IdentifierString":"http://myprov.example.com/refri","IdentifierType":"URI"}}}},"version":"1.0"}}]
2024-11-21T14:02:24.988Z  WARN 28972 --- [specificadapter] [           main] JpaBaseConfiguration$JpaWebConfiguration : spring.jpa.open-in-view is enabled by default. Therefore, database queries may be performed during view rendering. Explicitly configure spring.jpa.open-in-view to disable this warning
2024-11-21T14:02:25.632Z  INFO 28972 --- [specificadapter] [           main] i.o.o.s.SpecificadapterApplicationTests  : Started SpecificadapterApplicationTests in 6.051 seconds (process running for 7.39)
]]></system-out>
  </testcase>
</testsuite>